<?xml version="1.0" encoding="UTF-8"?>
<Site BuildName="Linux-c++"
	BuildStamp="20260312-1510-Experimental"
	Name="MiWiFi-R4A-srv"
	Generator="ctest-3.31.10"
	CompilerName="/usr/bin/c++"
	CompilerVersion="15.2.1"
	OSName="Linux"
	Hostname="MiWiFi-R4A-srv"
	OSRelease="6.18.16-200.fc43.x86_64"
	OSVersion="#1 SMP PREEMPT_DYNAMIC Wed Mar  4 19:13:32 UTC 2026"
	OSPlatform="x86_64"
	Is64Bits="1"
	VendorString="AuthenticAMD"
	VendorID="Advanced Micro Devices"
	FamilyID="23"
	ModelID="96"
	ModelName="AMD Ryzen 5 4600H with Radeon Graphics"
	ProcessorCacheSize="512"
	NumberOfLogicalCPU="12"
	NumberOfPhysicalCPU="6"
	TotalVirtualMemory="8191"
	TotalPhysicalMemory="31495"
	LogicalProcessorsPerPhysical="2"
	ProcessorClockFrequency="1115.56"
	>
	<Testing>
		<StartDateTime>Mar 12 16:10 CET</StartDateTime>
		<StartTestTime>1773328252</StartTestTime>
		<TestList/>
		<EndDateTime>Mar 12 16:10 CET</EndDateTime>
		<EndTestTime>1773328252</EndTestTime>
		<ElapsedMinutes>0</ElapsedMinutes>
	</Testing>
</Site>
